\BOOKMARK [1][-]{section.1}{TODO}{}% 1
\BOOKMARK [2][-]{subsection.1.1}{Geschw. und Beschl Linear und Winkel}{section.1}% 2
\BOOKMARK [2][-]{subsection.1.2}{Scilab}{section.1}% 3
\BOOKMARK [1][-]{section.2}{Checkliste Inhalt}{}% 4
\BOOKMARK [1][-]{section.3}{Einleitung}{}% 5
\BOOKMARK [1][-]{section.4}{Material und Methoden}{}% 6
\BOOKMARK [2][-]{subsection.4.1}{Proband}{section.4}% 7
\BOOKMARK [2][-]{subsection.4.2}{Laufband}{section.4}% 8
\BOOKMARK [3][-]{subsubsection.4.2.1}{Versuchsaufbau}{subsection.4.2}% 9
\BOOKMARK [3][-]{subsubsection.4.2.2}{Datenaufbereitung}{subsection.4.2}% 10
\BOOKMARK [2][-]{subsection.4.3}{Laufstrecke}{section.4}% 11
\BOOKMARK [3][-]{subsubsection.4.3.1}{Versuchsaufbau}{subsection.4.3}% 12
\BOOKMARK [3][-]{subsubsection.4.3.2}{Datenauswertung}{subsection.4.3}% 13
\BOOKMARK [1][-]{section.5}{Ergebnisse}{}% 14
\BOOKMARK [2][-]{subsection.5.1}{Laufband}{section.5}% 15
\BOOKMARK [2][-]{subsection.5.2}{Laufband \(Fadenpendel\)}{section.5}% 16
\BOOKMARK [2][-]{subsection.5.3}{Laufstrecke}{section.5}% 17
\BOOKMARK [2][-]{subsection.5.4}{Vergleich Laufband und Laufstrecke}{section.5}% 18
\BOOKMARK [1][-]{section.6}{Diskussion}{}% 19
\BOOKMARK [1][-]{section.7}{Literatur}{}% 20
